{"D:\\ReactNative\\Workspace\\NativeXiQuap\\src\\screens\\login\\view.js": {"path":"D:\\ReactNative\\Workspace\\NativeXiQuap\\src\\screens\\login\\view.js","statementMap":{"0":{"start":{"line":6,"column":4},"end":{"line":6,"column":17}},"1":{"start":{"line":14,"column":18},"end":{"line":14,"column":31}},"2":{"start":{"line":21,"column":8},"end":{"line":21,"column":12}},"3":{"start":{"line":23,"column":4},"end":{"line":45,"column":6}}},"fnMap":{"0":{"name":"(anonymous_0)","decl":{"start":{"line":5,"column":2},"end":{"line":5,"column":3}},"loc":{"start":{"line":5,"column":21},"end":{"line":7,"column":3}},"line":5},"1":{"name":"(anonymous_1)","decl":{"start":{"line":14,"column":18},"end":{"line":14,"column":19}},"loc":{"start":{"line":14,"column":29},"end":{"line":14,"column":31}},"line":14},"2":{"name":"(anonymous_2)","decl":{"start":{"line":16,"column":2},"end":{"line":16,"column":3}},"loc":{"start":{"line":16,"column":11},"end":{"line":46,"column":3}},"line":16}},"branchMap":{},"s":{"0":3,"1":3,"2":3,"3":3},"f":{"0":3,"1":0,"2":3},"b":{},"_coverageSchema":"1a1c01bbd47fc00a2c39e90264f33305004495a9","hash":"764a4fd731c96f54311c825f021e84d9e32be531"}
}
